#
# There is insufficient memory for the Java Runtime Environment to continue.
# Native memory allocation (malloc) failed to allocate 1048576 bytes for AllocateHeap
# Possible reasons:
#   The system is out of physical RAM or swap space
#   In 32 bit mode, the process size limit was hit
# Possible solutions:
#   Reduce memory load on the system
#   Increase physical memory or swap space
#   Check if swap backing store is full
#   Use 64 bit Java on a 64 bit OS
#   Decrease Java heap size (-Xmx/-Xms)
#   Decrease number of Java threads
#   Decrease Java thread stack sizes (-Xss)
#   Set larger code cache with -XX:ReservedCodeCacheSize=
# This output file may be truncated or incomplete.
#
#  Out of Memory Error (memory/allocation.inline.hpp:62), pid=14052, tid=14108
#
# JRE version:  (8.0_25-b18) (build )
# Java VM: Java HotSpot(TM) 64-Bit Server VM (25.25-b02 mixed mode windows-amd64 compressed oops)
# Failed to write core dump. Minidumps are not enabled by default on client versions of Windows
#

---------------  T H R E A D  ---------------

Current thread (0x000000000249d800):  JavaThread "Unknown thread" [_thread_in_vm, id=14108, stack(0x0000000002530000,0x0000000002630000)]

Stack: [0x0000000002530000,0x0000000002630000]
Native frames: (J=compiled Java code, j=interpreted, Vv=VM code, C=native code)
V  [jvm.dll+0x31667a]
V  [jvm.dll+0x267073]
V  [jvm.dll+0x267cb3]
V  [jvm.dll+0x25f5b5]
V  [jvm.dll+0x3aa31f]
V  [jvm.dll+0x3d5f12]
V  [jvm.dll+0x3d635c]
V  [jvm.dll+0x3d1967]
V  [jvm.dll+0xe53f2]
V  [jvm.dll+0x1f9b19]
V  [jvm.dll+0x22b2e4]
V  [jvm.dll+0x14d571]
C  [java.exe+0x20b6]
C  [java.exe+0xc9bb]
C  [java.exe+0xca4f]
C  [KERNEL32.DLL+0x18102]
C  [ntdll.dll+0x5c5b4]


---------------  P R O C E S S  ---------------

Java Threads: ( => current thread )

Other Threads:

=>0x000000000249d800 (exited) JavaThread "Unknown thread" [_thread_in_vm, id=14108, stack(0x0000000002530000,0x0000000002630000)]

VM state:not at safepoint (normal execution)

VM Mutex/Monitor currently owned by a thread: None

Heap:
 PSYoungGen      total 28672K, used 491K [0x00000000e0800000, 0x00000000e2800000, 0x0000000100000000)
  eden space 24576K, 2% used [0x00000000e0800000,0x00000000e087ae20,0x00000000e2000000)
  from space 4096K, 0% used [0x00000000e2400000,0x00000000e2400000,0x00000000e2800000)
  to   space 4096K, 0% used [0x00000000e2000000,0x00000000e2000000,0x00000000e2400000)
 ParOldGen       total 65536K, used 0K [0x00000000a1800000, 0x00000000a5800000, 0x00000000e0800000)
  object space 65536K, 0% used [0x00000000a1800000,0x00000000a1800000,0x00000000a5800000)
 Metaspace       used 674K, capacity 4480K, committed 4480K, reserved 1056768K
  class space    used 66K, capacity 384K, committed 384K, reserved 1048576K

Card table byte_map: [0x0000000011af0000,0x0000000011df0000] byte_map_base: 0x00000000115e4000

Marking Bits: (ParMarkBitMap*) 0x000000006ef0d490
 Begin Bits: [0x00000000123f0000, 0x0000000013b90000)
 End Bits:   [0x0000000013b90000, 0x0000000015330000)

Polling page: 0x0000000000840000

CodeCache: size=245760Kb used=327Kb max_used=327Kb free=245432Kb
 bounds [0x0000000002730000, 0x00000000029a0000, 0x0000000011730000]
 total_blobs=56 nmethods=0 adapters=37
 compilation: enabled

Compilation events (0 events):
No events

GC Heap History (0 events):
No events

Deoptimization events (0 events):
No events

Internal exceptions (0 events):
No events

Events (10 events):
Event: 0.024 loading class java/lang/Short
Event: 0.024 loading class java/lang/Short done
Event: 0.024 loading class java/lang/Integer
Event: 0.024 loading class java/lang/Integer done
Event: 0.024 loading class java/lang/Long
Event: 0.024 loading class java/lang/Long done
Event: 0.025 loading class java/lang/NullPointerException
Event: 0.025 loading class java/lang/NullPointerException done
Event: 0.025 loading class java/lang/ArithmeticException
Event: 0.025 loading class java/lang/ArithmeticException done


Dynamic libraries:
0x00007ff7fd440000 - 0x00007ff7fd474000 	C:\Program Files\Java\jdk1.8.0_25\bin\java.exe
0x00007ffcb4b90000 - 0x00007ffcb4d51000 	C:\Windows\SYSTEM32\ntdll.dll
0x00007ffcb2720000 - 0x00007ffcb27cd000 	C:\Windows\system32\KERNEL32.DLL
0x00007ffcb1cc0000 - 0x00007ffcb1ea8000 	C:\Windows\system32\KERNELBASE.dll
0x00007ffcb32c0000 - 0x00007ffcb3367000 	C:\Windows\system32\ADVAPI32.dll
0x00007ffcb4990000 - 0x00007ffcb4a2d000 	C:\Windows\system32\msvcrt.dll
0x00007ffcb3370000 - 0x00007ffcb33cb000 	C:\Windows\system32\sechost.dll
0x00007ffcb2cb0000 - 0x00007ffcb2dcc000 	C:\Windows\system32\RPCRT4.dll
0x00007ffcb4a30000 - 0x00007ffcb4b86000 	C:\Windows\system32\USER32.dll
0x00007ffcb20a0000 - 0x00007ffcb2226000 	C:\Windows\system32\GDI32.dll
0x00007ffcaa9f0000 - 0x00007ffcaac64000 	C:\Windows\WinSxS\amd64_microsoft.windows.common-controls_6595b64144ccf1df_6.0.10586.494_none_a2d8b04ea53e3145\COMCTL32.dll
0x00007ffcb27d0000 - 0x00007ffcb2a4d000 	C:\Windows\system32\combase.dll
0x00007ffcb1f20000 - 0x00007ffcb1f8a000 	C:\Windows\system32\bcryptPrimitives.dll
0x00007ffcb1fb0000 - 0x00007ffcb1feb000 	C:\Windows\system32\IMM32.DLL
0x000000006f1c0000 - 0x000000006f292000 	C:\Program Files\Java\jdk1.8.0_25\jre\bin\msvcr100.dll
0x000000006e730000 - 0x000000006ef8a000 	C:\Program Files\Java\jdk1.8.0_25\jre\bin\server\jvm.dll
0x00007ffcb2de0000 - 0x00007ffcb2de8000 	C:\Windows\system32\PSAPI.DLL
0x00007ffcaf180000 - 0x00007ffcaf1a3000 	C:\Windows\SYSTEM32\WINMM.dll
0x00007ffca4a90000 - 0x00007ffca4a99000 	C:\Windows\SYSTEM32\WSOCK32.dll
0x00007ffcb2b70000 - 0x00007ffcb2bdb000 	C:\Windows\system32\WS2_32.dll
0x00007ffcaeee0000 - 0x00007ffcaef0c000 	C:\Windows\SYSTEM32\WINMMBASE.dll
0x00007ffcb1eb0000 - 0x00007ffcb1ef3000 	C:\Windows\system32\cfgmgr32.dll
0x000000006f170000 - 0x000000006f17f000 	C:\Program Files\Java\jdk1.8.0_25\jre\bin\verify.dll
0x000000006f140000 - 0x000000006f168000 	C:\Program Files\Java\jdk1.8.0_25\jre\bin\java.dll
0x000000006f120000 - 0x000000006f136000 	C:\Program Files\Java\jdk1.8.0_25\jre\bin\zip.dll
0x00007ffc74d50000 - 0x00007ffc74edc000 	C:\Windows\SYSTEM32\dbghelp.dll

VM Arguments:
jvm_args: -Dfile.encoding=UTF-8 
java_command: noveena.RentItemInteface
java_class_path (initial): C:\Program Files\NetBeans 8.1\ide\modules\ext\mysql-connector-java-5.1.23-bin.jar;G:\SLIIT\Year 02\1st Semester\2nd YeaR 1st Semester 2015\xtra\SLIIT java by Chanux\rs2xml.jar;C:\Users\KNIGHT\Documents\NetBeansProjects\Noveena\build\classes
Launcher Type: SUN_STANDARD

Environment Variables:
JAVA_HOME=C:\Program Files\Java\jdk1.7.0_67
PATH=C:\ProgramData\Oracle\Java\javapath;C:\Program Files (x86)\Intel\iCLS Client\;C:\Program Files\Intel\iCLS Client\;C:\Windows\system32;C:\Windows;C:\Windows\System32\Wbem;C:\Windows\System32\WindowsPowerShell\v1.0\;C:\Program Files (x86)\AMD\ATI.ACE\Core-Static;C:\Program Files\Intel\Intel(R) Management Engine Components\DAL;C:\Program Files\Intel\Intel(R) Management Engine Components\IPT;C:\Program Files (x86)\Intel\Intel(R) Management Engine Components\DAL;C:\Program Files (x86)\Intel\Intel(R) Management Engine Components\IPT;C:\Program Files (x86)\Microsoft SQL Server\100\Tools\Binn\VSShell\Common7\IDE\;C:\Program Files (x86)\Microsoft SQL Server\100\Tools\Binn\;C:\Program Files\Microsoft SQL Server\100\Tools\Binn\;C:\Program Files (x86)\Microsoft SQL Server\100\DTS\Binn\;C:\Program Files\Java\jdk1.8.0_25\bin;C:\Program Files (x86)\Windows Kits\8.1\Windows Performance Toolkit\;C:\Program Files (x86)\Microsoft SDKs\TypeScript\1.0\;C:\Program Files\Microsoft SQL Server\Client SDK\ODBC\110\Tools\Binn\;C:\Program Files (x86)\Microsoft SQL Server\120\Tools\Binn\ManagementStudio\;C:\Program Files (x86)\Microsoft SQL Server\120\Tools\Binn\;C:\Program Files\Microsoft SQL Server\120\Tools\Binn\;C:\Program Files (x86)\Microsoft SQL Server\120\DTS\Binn\;C:\Program Files\Microsoft SQL Server\120\DTS\Binn\
USERNAME=KNIGHT
OS=Windows_NT
PROCESSOR_IDENTIFIER=Intel64 Family 6 Model 58 Stepping 9, GenuineIntel



---------------  S Y S T E M  ---------------

OS: Windows 8.1 , 64 bit Build 9600 

CPU:total 4 (2 cores per cpu, 2 threads per core) family 6 model 58 stepping 9, cmov, cx8, fxsr, mmx, sse, sse2, sse3, ssse3, sse4.1, sse4.2, popcnt, avx, aes, clmul, erms, ht, tsc, tscinvbit, tscinv

Memory: 4k page, physical 6187368k(937172k free), swap 16457872k(11296k free)

vm_info: Java HotSpot(TM) 64-Bit Server VM (25.25-b02) for windows-amd64 JRE (1.8.0_25-b18), built on Oct  7 2014 14:25:37 by "java_re" with MS VC++ 10.0 (VS2010)

time: Mon Aug 15 18:20:37 2016
elapsed time: 0 seconds (0d 0h 0m 0s)

